2023-12-15 08:58:41.991 [info] Extension host with pid 139731 started
2023-12-15 08:58:42.091 [info] Lock '/home/toto/.vscode-server/data/User/workspaceStorage/a00c4426f0377f1bc105f55696d98a28/vscode.lock': Lock acquired.
2023-12-15 08:58:42.227 [info] ExtensionService#_doActivateExtension vscode.git-base, startup: false, activationEvent: '*'
2023-12-15 08:58:42.342 [info] ExtensionService#_doActivateExtension vscode.github, startup: false, activationEvent: '*'
2023-12-15 08:58:42.710 [info] Eager extensions activated
2023-12-15 08:58:42.719 [info] ExtensionService#_doActivateExtension vscode.debug-auto-launch, startup: false, activationEvent: 'onStartupFinished'
2023-12-15 08:58:42.720 [info] ExtensionService#_doActivateExtension vscode.merge-conflict, startup: false, activationEvent: 'onStartupFinished'
2023-12-15 08:58:43.896 [info] ExtensionService#_doActivateExtension vscode.git, startup: false, activationEvent: 'api', root cause: vscode.github
2023-12-15 08:58:58.465 [info] ExtensionService#_doActivateExtension vscode.emmet, startup: false, activationEvent: 'onLanguage'
2023-12-15 09:01:22.239 [info] ExtensionService#_doActivateExtension vscode.npm, startup: false, activationEvent: 'onTerminalQuickFixRequest:ms-vscode.npm-command'
2023-12-15 09:03:32.601 [warning] [Decorations] CAPPING events from decorations provider vscode.git 1190
2023-12-15 09:03:33.224 [warning] [Decorations] CAPPING events from decorations provider vscode.git 1190
2023-12-15 09:03:35.757 [warning] [Decorations] CAPPING events from decorations provider vscode.git 1190
2023-12-15 09:03:40.829 [warning] [Decorations] CAPPING events from decorations provider vscode.git 1190
2023-12-15 09:03:45.912 [warning] [Decorations] CAPPING events from decorations provider vscode.git 1190
2023-12-15 09:05:58.744 [warning] [Decorations] CAPPING events from decorations provider vscode.git 1190
2023-12-15 09:06:03.818 [warning] [Decorations] CAPPING events from decorations provider vscode.git 1190
2023-12-15 09:06:08.917 [warning] [Decorations] CAPPING events from decorations provider vscode.git 1190
2023-12-15 09:06:14.025 [warning] [Decorations] CAPPING events from decorations provider vscode.git 1190
2023-12-15 09:06:19.103 [warning] [Decorations] CAPPING events from decorations provider vscode.git 1190
2023-12-15 09:07:28.211 [warning] [Decorations] CAPPING events from decorations provider vscode.git 1190
2023-12-15 09:07:33.297 [warning] [Decorations] CAPPING events from decorations provider vscode.git 1190
2023-12-15 09:07:38.356 [warning] [Decorations] CAPPING events from decorations provider vscode.git 1190
2023-12-15 09:07:43.459 [warning] [Decorations] CAPPING events from decorations provider vscode.git 1190
2023-12-15 09:07:48.552 [warning] [Decorations] CAPPING events from decorations provider vscode.git 1190
2023-12-15 09:07:53.617 [warning] [Decorations] CAPPING events from decorations provider vscode.git 1190
2023-12-15 09:07:58.699 [warning] [Decorations] CAPPING events from decorations provider vscode.git 1190
2023-12-15 09:08:03.778 [warning] [Decorations] CAPPING events from decorations provider vscode.git 1190
2023-12-15 09:08:12.380 [warning] [Decorations] CAPPING events from decorations provider vscode.git 1190
2023-12-15 09:08:17.455 [warning] [Decorations] CAPPING events from decorations provider vscode.git 1190
2023-12-15 09:08:22.535 [warning] [Decorations] CAPPING events from decorations provider vscode.git 1190
2023-12-15 09:08:27.598 [warning] [Decorations] CAPPING events from decorations provider vscode.git 1190
2023-12-15 09:08:32.666 [warning] [Decorations] CAPPING events from decorations provider vscode.git 1190
2023-12-15 09:08:37.758 [warning] [Decorations] CAPPING events from decorations provider vscode.git 1190
2023-12-15 09:08:42.835 [warning] [Decorations] CAPPING events from decorations provider vscode.git 1190
2023-12-15 09:08:47.908 [warning] [Decorations] CAPPING events from decorations provider vscode.git 1190
2023-12-15 09:08:53.061 [warning] [Decorations] CAPPING events from decorations provider vscode.git 1190
2023-12-15 09:08:58.121 [warning] [Decorations] CAPPING events from decorations provider vscode.git 1190
2023-12-15 09:09:03.190 [warning] [Decorations] CAPPING events from decorations provider vscode.git 1190
2023-12-15 09:09:08.265 [warning] [Decorations] CAPPING events from decorations provider vscode.git 1190
2023-12-15 09:09:13.346 [warning] [Decorations] CAPPING events from decorations provider vscode.git 1190
2023-12-15 09:09:18.422 [warning] [Decorations] CAPPING events from decorations provider vscode.git 1190
2023-12-15 09:09:52.065 [warning] [Decorations] CAPPING events from decorations provider vscode.git 1190
2023-12-15 09:10:02.932 [warning] [Decorations] CAPPING events from decorations provider vscode.git 1190
2023-12-15 09:10:16.779 [warning] [Decorations] CAPPING events from decorations provider vscode.git 1190
2023-12-15 09:10:21.865 [warning] [Decorations] CAPPING events from decorations provider vscode.git 1190
2023-12-15 09:10:26.952 [warning] [Decorations] CAPPING events from decorations provider vscode.git 1190
2023-12-15 09:10:32.133 [warning] [Decorations] CAPPING events from decorations provider vscode.git 1190
2023-12-15 09:10:37.264 [warning] [Decorations] CAPPING events from decorations provider vscode.git 1190
