2023-12-15 09:40:37.767 [info] Extension host with pid 142692 started
2023-12-15 09:40:37.768 [error] Error: EEXIST: file already exists, open '/home/toto/.vscode-server/data/User/workspaceStorage/a00c4426f0377f1bc105f55696d98a28/vscode.lock'
2023-12-15 09:40:37.780 [info] Lock '/home/toto/.vscode-server/data/User/workspaceStorage/a00c4426f0377f1bc105f55696d98a28/vscode.lock': Could not acquire lock, checking if the file is stale.
2023-12-15 09:40:37.820 [info] Lock '/home/toto/.vscode-server/data/User/workspaceStorage/a00c4426f0377f1bc105f55696d98a28/vscode.lock': The lock does not look stale, elapsed: 201 ms, giving up.
2023-12-15 09:40:37.850 [info] Lock '/home/toto/.vscode-server/data/User/workspaceStorage/a00c4426f0377f1bc105f55696d98a28-1/vscode.lock': Lock acquired.
2023-12-15 09:40:37.929 [info] ExtensionService#_doActivateExtension vscode.emmet, startup: false, activationEvent: 'onLanguage'
2023-12-15 09:40:37.933 [info] ExtensionService#_doActivateExtension vscode.git-base, startup: false, activationEvent: '*', root cause: vscode.git
2023-12-15 09:40:37.941 [info] ExtensionService#_doActivateExtension vscode.extension-editing, startup: false, activationEvent: 'onLanguage:markdown'
2023-12-15 09:40:37.944 [info] ExtensionService#_doActivateExtension vscode.markdown-language-features, startup: false, activationEvent: 'onLanguage:markdown'
2023-12-15 09:40:38.923 [info] ExtensionService#_doActivateExtension vscode.git, startup: false, activationEvent: '*'
2023-12-15 09:40:38.924 [info] ExtensionService#_doActivateExtension vscode.github, startup: false, activationEvent: '*'
2023-12-15 09:40:40.215 [info] Eager extensions activated
2023-12-15 09:40:40.220 [info] ExtensionService#_doActivateExtension vscode.debug-auto-launch, startup: false, activationEvent: 'onStartupFinished'
2023-12-15 09:40:40.221 [info] ExtensionService#_doActivateExtension vscode.merge-conflict, startup: false, activationEvent: 'onStartupFinished'
2023-12-15 09:40:41.199 [warning] [Decorations] CAPPING events from decorations provider vscode.git 1142
2023-12-15 09:40:42.316 [warning] [Decorations] CAPPING events from decorations provider vscode.git 1144
2023-12-15 09:40:42.887 [info] ExtensionService#_doActivateExtension vscode.markdown-math, startup: false, activationEvent: 'api', root cause: vscode.markdown-language-features
2023-12-15 09:41:17.751 [warning] [Decorations] CAPPING events from decorations provider vscode.git 1144
2023-12-15 09:43:01.085 [warning] [Decorations] CAPPING events from decorations provider vscode.git 1144
2023-12-15 09:43:06.297 [warning] [Decorations] CAPPING events from decorations provider vscode.git 1143
2023-12-15 09:43:09.807 [info] ExtensionService#_doActivateExtension ms-azuretools.vscode-docker, startup: false, activationEvent: 'onLanguage:dockercompose'
2023-12-15 09:43:42.690 [info] ExtensionService#_doActivateExtension vscode.npm, startup: false, activationEvent: 'onTerminalQuickFixRequest:ms-vscode.npm-command'
2023-12-15 09:43:58.482 [warning] [Decorations] CAPPING events from decorations provider vscode.git 1147
2023-12-15 09:50:38.706 [warning] [Decorations] CAPPING events from decorations provider vscode.git 1148
2023-12-15 09:50:43.834 [warning] [Decorations] CAPPING events from decorations provider vscode.git 1148
2023-12-15 09:53:05.569 [warning] [Decorations] CAPPING events from decorations provider vscode.git 1149
2023-12-15 09:59:49.924 [warning] [Decorations] CAPPING events from decorations provider vscode.git 1148
2023-12-15 09:59:55.051 [warning] [Decorations] CAPPING events from decorations provider vscode.git 1148
2023-12-15 10:05:29.761 [warning] [Decorations] CAPPING events from decorations provider vscode.git 1173
2023-12-15 10:05:34.898 [warning] [Decorations] CAPPING events from decorations provider vscode.git 1173
2023-12-15 10:05:40.033 [warning] [Decorations] CAPPING events from decorations provider vscode.git 1173
2023-12-15 10:07:06.605 [warning] [Decorations] CAPPING events from decorations provider vscode.git 1173
2023-12-15 10:07:19.610 [warning] [Decorations] CAPPING events from decorations provider vscode.git 1154
2023-12-15 10:07:22.708 [info] ExtensionService#_doActivateExtension vscode.tunnel-forwarding, startup: false, activationEvent: 'onTunnel'
2023-12-15 10:07:56.892 [warning] [Decorations] CAPPING events from decorations provider vscode.git 1154
2023-12-15 10:08:02.032 [warning] [Decorations] CAPPING events from decorations provider vscode.git 1154
2023-12-15 10:09:11.369 [warning] [Decorations] CAPPING events from decorations provider vscode.git 1154
2023-12-15 10:12:36.362 [warning] [Decorations] CAPPING events from decorations provider vscode.git 1155
2023-12-15 10:12:41.484 [warning] [Decorations] CAPPING events from decorations provider vscode.git 1155
