2023-12-15 09:40:42.048 [info] Log level: Info
2023-12-15 09:40:42.048 [info] Validating found git in: "git"
2023-12-15 09:40:42.049 [info] Using git "2.25.1" from "git"
2023-12-15 09:40:42.049 [info] > git rev-parse --show-toplevel [123ms]
2023-12-15 09:40:42.053 [info] > git rev-parse --git-dir --git-common-dir [39ms]
2023-12-15 09:40:42.054 [info] Open repository: /home/toto
2023-12-15 09:40:42.054 [info] > git config --get commit.template [19ms]
2023-12-15 09:40:42.054 [info] > git rev-parse --show-toplevel [20ms]
2023-12-15 09:40:42.055 [info] > git for-each-ref --format=%(refname)%00%(upstream:short)%00%(objectname)%00%(upstream:track)%00%(upstream:remotename)%00%(upstream:remoteref) refs/heads/main refs/remotes/main [28ms]
2023-12-15 09:40:42.055 [info] > git rev-parse --show-toplevel [64ms]
2023-12-15 09:40:42.056 [info] > git rev-parse --show-toplevel [78ms]
2023-12-15 09:40:42.056 [info] > git rev-parse --show-toplevel [15ms]
2023-12-15 09:40:42.056 [info] > git rev-parse --show-toplevel [24ms]
2023-12-15 09:40:42.056 [info] > git status -z -uall [233ms]
2023-12-15 09:40:42.056 [info] > git config --get commit.template [12ms]
2023-12-15 09:40:42.057 [info] > git for-each-ref --format=%(refname)%00%(upstream:short)%00%(objectname)%00%(upstream:track)%00%(upstream:remotename)%00%(upstream:remoteref) refs/heads/main refs/remotes/main [13ms]
2023-12-15 09:40:42.209 [info] > git status -z -uall [218ms]
2023-12-15 09:40:43.292 [info] > git show --textconv :README.md [162ms]
2023-12-15 09:40:43.293 [info] > git check-ignore -v -z --stdin [134ms]
2023-12-15 09:40:43.296 [info] > git ls-files --stage -- /home/toto/README.md [151ms]
2023-12-15 09:40:43.310 [info] > git cat-file -s 1cff9e08c0f1cb4be54538f24cddac2eeec83777 [7ms]
2023-12-15 09:41:17.629 [info] > git config --get commit.template [27ms]
2023-12-15 09:41:17.637 [info] > git for-each-ref --format=%(refname)%00%(upstream:short)%00%(objectname)%00%(upstream:track)%00%(upstream:remotename)%00%(upstream:remoteref) refs/heads/main refs/remotes/main [18ms]
2023-12-15 09:41:17.702 [info] > git status -z -uall [54ms]
2023-12-15 09:43:00.791 [info] > git config --get commit.template [56ms]
2023-12-15 09:43:00.805 [info] > git for-each-ref --format=%(refname)%00%(upstream:short)%00%(objectname)%00%(upstream:track)%00%(upstream:remotename)%00%(upstream:remoteref) refs/heads/main refs/remotes/main [23ms]
2023-12-15 09:43:00.939 [info] > git status -z -uall [105ms]
2023-12-15 09:43:06.194 [info] > git config --get commit.template [31ms]
2023-12-15 09:43:06.196 [info] > git for-each-ref --format=%(refname)%00%(upstream:short)%00%(objectname)%00%(upstream:track)%00%(upstream:remotename)%00%(upstream:remoteref) refs/heads/main refs/remotes/main [21ms]
2023-12-15 09:43:06.259 [info] > git status -z -uall [56ms]
2023-12-15 09:43:08.863 [info] > git check-ignore -v -z --stdin [5ms]
2023-12-15 09:43:11.184 [info] > git show --textconv :Docker/docker-compose.yml [166ms]
2023-12-15 09:43:11.186 [info] > git ls-files --stage -- /home/toto/Docker/docker-compose.yml [123ms]
2023-12-15 09:43:11.283 [info] > git cat-file -s b4a3a91c91642f80d510976f51e32c42465ae50d [41ms]
2023-12-15 09:43:56.602 [info] > git config --get commit.template [460ms]
2023-12-15 09:43:56.802 [info] > git for-each-ref --format=%(refname)%00%(upstream:short)%00%(objectname)%00%(upstream:track)%00%(upstream:remotename)%00%(upstream:remoteref) refs/heads/main refs/remotes/main [539ms]
2023-12-15 09:43:58.326 [info] > git status -z -uall [1462ms]
2023-12-15 09:50:38.167 [info] > git config --get commit.template [31ms]
2023-12-15 09:50:38.179 [info] > git for-each-ref --format=%(refname)%00%(upstream:short)%00%(objectname)%00%(upstream:track)%00%(upstream:remotename)%00%(upstream:remoteref) refs/heads/main refs/remotes/main [15ms]
2023-12-15 09:50:38.674 [info] > git status -z -uall [480ms]
2023-12-15 09:50:40.420 [info] > git check-ignore -v -z --stdin [15ms]
2023-12-15 09:50:41.705 [info] > git show --textconv :Docker/app1/app.py [17ms]
2023-12-15 09:50:41.711 [info] > git ls-files --stage -- /home/toto/Docker/app1/app.py [6ms]
2023-12-15 09:50:41.721 [info] > git cat-file -s 034499164a1f90f2c414d5387a20a8961351b89f [2ms]
2023-12-15 09:50:43.759 [info] > git config --get commit.template [13ms]
2023-12-15 09:50:43.763 [info] > git for-each-ref --format=%(refname)%00%(upstream:short)%00%(objectname)%00%(upstream:track)%00%(upstream:remotename)%00%(upstream:remoteref) refs/heads/main refs/remotes/main [6ms]
2023-12-15 09:50:43.800 [info] > git status -z -uall [29ms]
2023-12-15 09:51:32.653 [info] > git show --textconv :Docker/docker-compose.yml [19ms]
2023-12-15 09:51:32.659 [info] > git ls-files --stage -- /home/toto/Docker/docker-compose.yml [9ms]
2023-12-15 09:51:32.671 [info] > git cat-file -s b4a3a91c91642f80d510976f51e32c42465ae50d [3ms]
2023-12-15 09:51:45.167 [info] > git show --textconv :Docker/app1/app.py [13ms]
2023-12-15 09:51:45.178 [info] > git ls-files --stage -- /home/toto/Docker/app1/app.py [11ms]
2023-12-15 09:51:45.192 [info] > git cat-file -s 034499164a1f90f2c414d5387a20a8961351b89f [3ms]
2023-12-15 09:51:48.665 [info] > git show --textconv :Docker/docker-compose.yml [13ms]
2023-12-15 09:51:48.670 [info] > git ls-files --stage -- /home/toto/Docker/docker-compose.yml [6ms]
2023-12-15 09:51:48.681 [info] > git cat-file -s b4a3a91c91642f80d510976f51e32c42465ae50d [2ms]
2023-12-15 09:53:05.475 [info] > git config --get commit.template [17ms]
2023-12-15 09:53:05.482 [info] > git for-each-ref --format=%(refname)%00%(upstream:short)%00%(objectname)%00%(upstream:track)%00%(upstream:remotename)%00%(upstream:remoteref) refs/heads/main refs/remotes/main [11ms]
2023-12-15 09:53:05.532 [info] > git status -z -uall [39ms]
2023-12-15 09:59:49.838 [info] > git config --get commit.template [20ms]
2023-12-15 09:59:49.841 [info] > git for-each-ref --format=%(refname)%00%(upstream:short)%00%(objectname)%00%(upstream:track)%00%(upstream:remotename)%00%(upstream:remoteref) refs/heads/main refs/remotes/main [9ms]
2023-12-15 09:59:49.880 [info] > git status -z -uall [32ms]
2023-12-15 09:59:54.981 [info] > git config --get commit.template [28ms]
2023-12-15 09:59:54.985 [info] > git for-each-ref --format=%(refname)%00%(upstream:short)%00%(objectname)%00%(upstream:track)%00%(upstream:remotename)%00%(upstream:remoteref) refs/heads/main refs/remotes/main [12ms]
2023-12-15 09:59:55.020 [info] > git status -z -uall [23ms]
2023-12-15 10:00:44.617 [info] > git check-ignore -v -z --stdin [8ms]
2023-12-15 10:00:49.911 [info] > git check-ignore -v -z --stdin [5ms]
2023-12-15 10:01:13.996 [info] > git check-ignore -v -z --stdin [6ms]
2023-12-15 10:01:18.773 [info] > git check-ignore -v -z --stdin [6ms]
2023-12-15 10:01:43.421 [info] > git check-ignore -v -z --stdin [5ms]
2023-12-15 10:01:47.539 [info] > git check-ignore -v -z --stdin [6ms]
2023-12-15 10:01:51.408 [info] > git check-ignore -v -z --stdin [4ms]
2023-12-15 10:02:13.158 [info] > git check-ignore -v -z --stdin [7ms]
2023-12-15 10:02:23.762 [info] > git show --textconv :Docker/videotheque/app.py [17ms]
2023-12-15 10:02:23.769 [info] > git ls-files --stage -- /home/toto/Docker/videotheque/app.py [10ms]
2023-12-15 10:02:28.385 [info] > git show --textconv :Docker/videotheque/Dockerfile [13ms]
2023-12-15 10:02:28.390 [info] > git ls-files --stage -- /home/toto/Docker/videotheque/Dockerfile [7ms]
2023-12-15 10:02:36.969 [info] > git show --textconv :Docker/videotheque/requirements.txt [13ms]
2023-12-15 10:02:36.975 [info] > git ls-files --stage -- /home/toto/Docker/videotheque/requirements.txt [6ms]
2023-12-15 10:02:40.748 [info] > git check-ignore -v -z --stdin [4ms]
2023-12-15 10:02:45.569 [info] > git show --textconv :Docker/docker-compose.yml [17ms]
2023-12-15 10:02:45.575 [info] > git ls-files --stage -- /home/toto/Docker/docker-compose.yml [7ms]
2023-12-15 10:02:45.591 [info] > git cat-file -s b4a3a91c91642f80d510976f51e32c42465ae50d [7ms]
2023-12-15 10:03:35.850 [info] > git show --textconv :Docker/videotheque-api/Dockerfile [18ms]
2023-12-15 10:03:35.854 [info] > git ls-files --stage -- /home/toto/Docker/videotheque-api/Dockerfile [8ms]
2023-12-15 10:03:55.118 [info] > git ls-files --stage -- /home/toto/Docker/videotheque-api/Dockerfile [8ms]
2023-12-15 10:03:55.148 [info] > git show --textconv :Docker/videotheque-api/Dockerfile [5ms]
2023-12-15 10:04:30.828 [info] > git show --textconv :Docker/videotheque/app.py [17ms]
2023-12-15 10:04:30.836 [info] > git ls-files --stage -- /home/toto/Docker/videotheque/app.py [9ms]
2023-12-15 10:04:47.391 [info] > git show --textconv :Docker/videotheque-api/app.py [15ms]
2023-12-15 10:04:47.396 [info] > git ls-files --stage -- /home/toto/Docker/videotheque-api/app.py [6ms]
2023-12-15 10:05:29.527 [info] > git config --get commit.template [25ms]
2023-12-15 10:05:29.546 [info] > git for-each-ref --format=%(refname)%00%(upstream:short)%00%(objectname)%00%(upstream:track)%00%(upstream:remotename)%00%(upstream:remoteref) refs/heads/main refs/remotes/main [6ms]
2023-12-15 10:05:29.721 [info] > git status -z -uall [164ms]
2023-12-15 10:05:34.812 [info] > git config --get commit.template [25ms]
2023-12-15 10:05:34.814 [info] > git for-each-ref --format=%(refname)%00%(upstream:short)%00%(objectname)%00%(upstream:track)%00%(upstream:remotename)%00%(upstream:remoteref) refs/heads/main refs/remotes/main [15ms]
2023-12-15 10:05:34.825 [info] > git ls-files --stage -- /home/toto/Docker/videotheque-api/app.py [15ms]
2023-12-15 10:05:34.859 [info] > git show --textconv :Docker/videotheque-api/app.py [10ms]
2023-12-15 10:05:34.867 [info] > git status -z -uall [43ms]
2023-12-15 10:05:39.943 [info] > git config --get commit.template [13ms]
2023-12-15 10:05:39.948 [info] > git for-each-ref --format=%(refname)%00%(upstream:short)%00%(objectname)%00%(upstream:track)%00%(upstream:remotename)%00%(upstream:remoteref) refs/heads/main refs/remotes/main [6ms]
2023-12-15 10:05:39.988 [info] > git status -z -uall [26ms]
2023-12-15 10:05:48.317 [info] > git ls-files --stage -- /home/toto/Docker/videotheque-api/app.py [5ms]
2023-12-15 10:05:48.334 [info] > git cat-file -s 00f5d5d3013cf38bf73eaec8e4372db8d56ba626 [8ms]
2023-12-15 10:05:48.360 [info] > git show --textconv :Docker/videotheque-api/app.py [4ms]
2023-12-15 10:06:10.701 [info] > git ls-files --stage -- /home/toto/Docker/videotheque-api/app.py [4ms]
2023-12-15 10:06:10.713 [info] > git cat-file -s 00f5d5d3013cf38bf73eaec8e4372db8d56ba626 [3ms]
2023-12-15 10:06:10.800 [info] > git show --textconv :Docker/videotheque-api/app.py [5ms]
2023-12-15 10:06:19.932 [info] > git ls-files --stage -- /home/toto/Docker/videotheque-api/app.py [4ms]
2023-12-15 10:06:19.945 [info] > git cat-file -s 00f5d5d3013cf38bf73eaec8e4372db8d56ba626 [3ms]
2023-12-15 10:06:19.969 [info] > git show --textconv :Docker/videotheque-api/app.py [4ms]
2023-12-15 10:07:06.516 [info] > git config --get commit.template [14ms]
2023-12-15 10:07:06.520 [info] > git for-each-ref --format=%(refname)%00%(upstream:short)%00%(objectname)%00%(upstream:track)%00%(upstream:remotename)%00%(upstream:remoteref) refs/heads/main refs/remotes/main [6ms]
2023-12-15 10:07:06.563 [info] > git status -z -uall [35ms]
2023-12-15 10:07:19.537 [info] > git config --get commit.template [15ms]
2023-12-15 10:07:19.540 [info] > git for-each-ref --format=%(refname)%00%(upstream:short)%00%(objectname)%00%(upstream:track)%00%(upstream:remotename)%00%(upstream:remoteref) refs/heads/main refs/remotes/main [5ms]
2023-12-15 10:07:19.582 [info] > git status -z -uall [31ms]
2023-12-15 10:07:56.812 [info] > git config --get commit.template [23ms]
2023-12-15 10:07:56.816 [info] > git for-each-ref --format=%(refname)%00%(upstream:short)%00%(objectname)%00%(upstream:track)%00%(upstream:remotename)%00%(upstream:remoteref) refs/heads/main refs/remotes/main [6ms]
2023-12-15 10:07:56.864 [info] > git status -z -uall [36ms]
2023-12-15 10:08:01.975 [info] > git config --get commit.template [30ms]
2023-12-15 10:08:01.979 [info] > git for-each-ref --format=%(refname)%00%(upstream:short)%00%(objectname)%00%(upstream:track)%00%(upstream:remotename)%00%(upstream:remoteref) refs/heads/main refs/remotes/main [8ms]
2023-12-15 10:08:02.012 [info] > git status -z -uall [23ms]
2023-12-15 10:09:11.291 [info] > git config --get commit.template [20ms]
2023-12-15 10:09:11.294 [info] > git for-each-ref --format=%(refname)%00%(upstream:short)%00%(objectname)%00%(upstream:track)%00%(upstream:remotename)%00%(upstream:remoteref) refs/heads/main refs/remotes/main [10ms]
2023-12-15 10:09:11.338 [info] > git status -z -uall [33ms]
2023-12-15 10:09:42.248 [info] > git show --textconv :Docker/specification.md [30ms]
2023-12-15 10:09:42.263 [info] > git ls-files --stage -- /home/toto/Docker/specification.md [15ms]
2023-12-15 10:09:42.450 [info] > git check-ignore -v -z --stdin [7ms]
2023-12-15 10:12:36.266 [info] > git config --get commit.template [17ms]
2023-12-15 10:12:36.270 [info] > git for-each-ref --format=%(refname)%00%(upstream:short)%00%(objectname)%00%(upstream:track)%00%(upstream:remotename)%00%(upstream:remoteref) refs/heads/main refs/remotes/main [6ms]
2023-12-15 10:12:36.316 [info] > git status -z -uall [36ms]
2023-12-15 10:12:41.408 [info] > git config --get commit.template [14ms]
2023-12-15 10:12:41.412 [info] > git for-each-ref --format=%(refname)%00%(upstream:short)%00%(objectname)%00%(upstream:track)%00%(upstream:remotename)%00%(upstream:remoteref) refs/heads/main refs/remotes/main [5ms]
2023-12-15 10:12:41.448 [info] > git status -z -uall [28ms]
