*
* Visual Studio Code Server
*
* By using the software, you agree to
* the Visual Studio Code Server License Terms (https://aka.ms/vscode-server-license) and
* the Microsoft Privacy Statement (https://privacy.microsoft.com/en-US/privacystatement).
*
Server bound to 127.0.0.1:46257 (IPv4)
Extension host agent listening on 46257

[09:39:46] 




[09:39:46] Extension host agent started.
[09:39:46] [127.0.0.1][b91b7298][ExtensionHostConnection] New connection established.
[09:39:46] [127.0.0.1][ffdf4b60][ManagementConnection] New connection established.
[09:39:46] [127.0.0.1][b91b7298][ExtensionHostConnection] <142362> Launched Extension Host Process.
rejected promise not handled within 1 second: CodeExpectedError: Could not find pty on pty host
stack trace: CodeExpectedError: Could not find pty on pty host
    at A.U (/home/toto/.vscode-server/bin/0ee08df0cf4527e40edc9aa28f4b5bd38bbff2b2/out/vs/platform/terminal/node/ptyHostMain.js:43:32377)
    at A.updateTitle (/home/toto/.vscode-server/bin/0ee08df0cf4527e40edc9aa28f4b5bd38bbff2b2/out/vs/platform/terminal/node/ptyHostMain.js:43:27509)
    at T.<computed> (/home/toto/.vscode-server/bin/0ee08df0cf4527e40edc9aa28f4b5bd38bbff2b2/out/vs/platform/terminal/node/ptyHostMain.js:43:22735)
    at Object.call (/home/toto/.vscode-server/bin/0ee08df0cf4527e40edc9aa28f4b5bd38bbff2b2/out/vs/platform/terminal/node/ptyHostMain.js:34:5041)
    at g.s (/home/toto/.vscode-server/bin/0ee08df0cf4527e40edc9aa28f4b5bd38bbff2b2/out/vs/platform/terminal/node/ptyHostMain.js:32:5153)
    at g.q (/home/toto/.vscode-server/bin/0ee08df0cf4527e40edc9aa28f4b5bd38bbff2b2/out/vs/platform/terminal/node/ptyHostMain.js:32:4662)
    at a.value (/home/toto/.vscode-server/bin/0ee08df0cf4527e40edc9aa28f4b5bd38bbff2b2/out/vs/platform/terminal/node/ptyHostMain.js:32:4064)
    at i.y (/home/toto/.vscode-server/bin/0ee08df0cf4527e40edc9aa28f4b5bd38bbff2b2/out/vs/platform/terminal/node/ptyHostMain.js:27:1906)
    at i.fire (/home/toto/.vscode-server/bin/0ee08df0cf4527e40edc9aa28f4b5bd38bbff2b2/out/vs/platform/terminal/node/ptyHostMain.js:27:2123)
    at process.ce (/home/toto/.vscode-server/bin/0ee08df0cf4527e40edc9aa28f4b5bd38bbff2b2/out/vs/platform/terminal/node/ptyHostMain.js:25:10117)
    at process.emit (node:events:513:28)
    at emit (node:internal/child_process:937:14)
    at process.processTicksAndRejections (node:internal/process/task_queues:83:21)
[09:40:01] Error [CodeExpectedError]: Could not find pty on pty host
    at A.U (/home/toto/.vscode-server/bin/0ee08df0cf4527e40edc9aa28f4b5bd38bbff2b2/out/vs/platform/terminal/node/ptyHostMain.js:43:32377)
    at A.updateTitle (/home/toto/.vscode-server/bin/0ee08df0cf4527e40edc9aa28f4b5bd38bbff2b2/out/vs/platform/terminal/node/ptyHostMain.js:43:27509)
    at T.<computed> (/home/toto/.vscode-server/bin/0ee08df0cf4527e40edc9aa28f4b5bd38bbff2b2/out/vs/platform/terminal/node/ptyHostMain.js:43:22735)
    at Object.call (/home/toto/.vscode-server/bin/0ee08df0cf4527e40edc9aa28f4b5bd38bbff2b2/out/vs/platform/terminal/node/ptyHostMain.js:34:5041)
    at g.s (/home/toto/.vscode-server/bin/0ee08df0cf4527e40edc9aa28f4b5bd38bbff2b2/out/vs/platform/terminal/node/ptyHostMain.js:32:5153)
    at g.q (/home/toto/.vscode-server/bin/0ee08df0cf4527e40edc9aa28f4b5bd38bbff2b2/out/vs/platform/terminal/node/ptyHostMain.js:32:4662)
    at a.value (/home/toto/.vscode-server/bin/0ee08df0cf4527e40edc9aa28f4b5bd38bbff2b2/out/vs/platform/terminal/node/ptyHostMain.js:32:4064)
    at i.y (/home/toto/.vscode-server/bin/0ee08df0cf4527e40edc9aa28f4b5bd38bbff2b2/out/vs/platform/terminal/node/ptyHostMain.js:27:1906)
    at i.fire (/home/toto/.vscode-server/bin/0ee08df0cf4527e40edc9aa28f4b5bd38bbff2b2/out/vs/platform/terminal/node/ptyHostMain.js:27:2123)
    at process.ce (/home/toto/.vscode-server/bin/0ee08df0cf4527e40edc9aa28f4b5bd38bbff2b2/out/vs/platform/terminal/node/ptyHostMain.js:25:10117)
    at process.emit (node:events:513:28)
    at emit (node:internal/child_process:937:14)
    at process.processTicksAndRejections (node:internal/process/task_queues:83:21)
[09:40:27] [127.0.0.1][ffdf4b60][ManagementConnection] The client has disconnected gracefully, so the connection will be disposed.
[09:40:27] [127.0.0.1][b91b7298][ExtensionHostConnection] <142362> Extension Host Process exited with code: 0, signal: null.
Cancelling previous shutdown timeout
[09:40:27] Cancelling previous shutdown timeout
Last EH closed, waiting before shutting down
[09:40:27] Last EH closed, waiting before shutting down
Got delay-shutdown request while in shutdown timeout, delaying
[09:40:35] Got delay-shutdown request while in shutdown timeout, delaying
Cancelling previous shutdown timeout
[09:40:35] Cancelling previous shutdown timeout
[09:40:35] [127.0.0.1][ac750a31][ManagementConnection] New connection established.
[09:40:35] [127.0.0.1][03b915ec][ExtensionHostConnection] New connection established.
[09:40:35] [127.0.0.1][03b915ec][ExtensionHostConnection] <142692> Launched Extension Host Process.
rejected promise not handled within 1 second: CodeExpectedError: Could not find pty on pty host
stack trace: CodeExpectedError: Could not find pty on pty host
    at A.U (/home/toto/.vscode-server/bin/0ee08df0cf4527e40edc9aa28f4b5bd38bbff2b2/out/vs/platform/terminal/node/ptyHostMain.js:43:32377)
    at A.updateTitle (/home/toto/.vscode-server/bin/0ee08df0cf4527e40edc9aa28f4b5bd38bbff2b2/out/vs/platform/terminal/node/ptyHostMain.js:43:27509)
    at T.<computed> (/home/toto/.vscode-server/bin/0ee08df0cf4527e40edc9aa28f4b5bd38bbff2b2/out/vs/platform/terminal/node/ptyHostMain.js:43:22735)
    at Object.call (/home/toto/.vscode-server/bin/0ee08df0cf4527e40edc9aa28f4b5bd38bbff2b2/out/vs/platform/terminal/node/ptyHostMain.js:34:5041)
    at g.s (/home/toto/.vscode-server/bin/0ee08df0cf4527e40edc9aa28f4b5bd38bbff2b2/out/vs/platform/terminal/node/ptyHostMain.js:32:5153)
    at g.q (/home/toto/.vscode-server/bin/0ee08df0cf4527e40edc9aa28f4b5bd38bbff2b2/out/vs/platform/terminal/node/ptyHostMain.js:32:4662)
    at a.value (/home/toto/.vscode-server/bin/0ee08df0cf4527e40edc9aa28f4b5bd38bbff2b2/out/vs/platform/terminal/node/ptyHostMain.js:32:4064)
    at i.y (/home/toto/.vscode-server/bin/0ee08df0cf4527e40edc9aa28f4b5bd38bbff2b2/out/vs/platform/terminal/node/ptyHostMain.js:27:1906)
    at i.fire (/home/toto/.vscode-server/bin/0ee08df0cf4527e40edc9aa28f4b5bd38bbff2b2/out/vs/platform/terminal/node/ptyHostMain.js:27:2123)
    at process.ce (/home/toto/.vscode-server/bin/0ee08df0cf4527e40edc9aa28f4b5bd38bbff2b2/out/vs/platform/terminal/node/ptyHostMain.js:25:10117)
    at process.emit (node:events:513:28)
    at emit (node:internal/child_process:937:14)
    at process.processTicksAndRejections (node:internal/process/task_queues:83:21)
[09:40:38] Error [CodeExpectedError]: Could not find pty on pty host
    at A.U (/home/toto/.vscode-server/bin/0ee08df0cf4527e40edc9aa28f4b5bd38bbff2b2/out/vs/platform/terminal/node/ptyHostMain.js:43:32377)
    at A.updateTitle (/home/toto/.vscode-server/bin/0ee08df0cf4527e40edc9aa28f4b5bd38bbff2b2/out/vs/platform/terminal/node/ptyHostMain.js:43:27509)
    at T.<computed> (/home/toto/.vscode-server/bin/0ee08df0cf4527e40edc9aa28f4b5bd38bbff2b2/out/vs/platform/terminal/node/ptyHostMain.js:43:22735)
    at Object.call (/home/toto/.vscode-server/bin/0ee08df0cf4527e40edc9aa28f4b5bd38bbff2b2/out/vs/platform/terminal/node/ptyHostMain.js:34:5041)
    at g.s (/home/toto/.vscode-server/bin/0ee08df0cf4527e40edc9aa28f4b5bd38bbff2b2/out/vs/platform/terminal/node/ptyHostMain.js:32:5153)
    at g.q (/home/toto/.vscode-server/bin/0ee08df0cf4527e40edc9aa28f4b5bd38bbff2b2/out/vs/platform/terminal/node/ptyHostMain.js:32:4662)
    at a.value (/home/toto/.vscode-server/bin/0ee08df0cf4527e40edc9aa28f4b5bd38bbff2b2/out/vs/platform/terminal/node/ptyHostMain.js:32:4064)
    at i.y (/home/toto/.vscode-server/bin/0ee08df0cf4527e40edc9aa28f4b5bd38bbff2b2/out/vs/platform/terminal/node/ptyHostMain.js:27:1906)
    at i.fire (/home/toto/.vscode-server/bin/0ee08df0cf4527e40edc9aa28f4b5bd38bbff2b2/out/vs/platform/terminal/node/ptyHostMain.js:27:2123)
    at process.ce (/home/toto/.vscode-server/bin/0ee08df0cf4527e40edc9aa28f4b5bd38bbff2b2/out/vs/platform/terminal/node/ptyHostMain.js:25:10117)
    at process.emit (node:events:513:28)
    at emit (node:internal/child_process:937:14)
    at process.processTicksAndRejections (node:internal/process/task_queues:83:21)
rejected promise not handled within 1 second: CodeExpectedError: Could not find pty on pty host
stack trace: CodeExpectedError: Could not find pty on pty host
    at A.U (/home/toto/.vscode-server/bin/0ee08df0cf4527e40edc9aa28f4b5bd38bbff2b2/out/vs/platform/terminal/node/ptyHostMain.js:43:32377)
    at A.updateIcon (/home/toto/.vscode-server/bin/0ee08df0cf4527e40edc9aa28f4b5bd38bbff2b2/out/vs/platform/terminal/node/ptyHostMain.js:43:27562)
    at T.<computed> (/home/toto/.vscode-server/bin/0ee08df0cf4527e40edc9aa28f4b5bd38bbff2b2/out/vs/platform/terminal/node/ptyHostMain.js:43:22735)
    at Object.call (/home/toto/.vscode-server/bin/0ee08df0cf4527e40edc9aa28f4b5bd38bbff2b2/out/vs/platform/terminal/node/ptyHostMain.js:34:5041)
    at g.s (/home/toto/.vscode-server/bin/0ee08df0cf4527e40edc9aa28f4b5bd38bbff2b2/out/vs/platform/terminal/node/ptyHostMain.js:32:5153)
    at g.q (/home/toto/.vscode-server/bin/0ee08df0cf4527e40edc9aa28f4b5bd38bbff2b2/out/vs/platform/terminal/node/ptyHostMain.js:32:4662)
    at a.value (/home/toto/.vscode-server/bin/0ee08df0cf4527e40edc9aa28f4b5bd38bbff2b2/out/vs/platform/terminal/node/ptyHostMain.js:32:4064)
    at i.y (/home/toto/.vscode-server/bin/0ee08df0cf4527e40edc9aa28f4b5bd38bbff2b2/out/vs/platform/terminal/node/ptyHostMain.js:27:1906)
    at i.fire (/home/toto/.vscode-server/bin/0ee08df0cf4527e40edc9aa28f4b5bd38bbff2b2/out/vs/platform/terminal/node/ptyHostMain.js:27:2123)
    at process.ce (/home/toto/.vscode-server/bin/0ee08df0cf4527e40edc9aa28f4b5bd38bbff2b2/out/vs/platform/terminal/node/ptyHostMain.js:25:10117)
    at process.emit (node:events:513:28)
    at emit (node:internal/child_process:937:14)
    at process.processTicksAndRejections (node:internal/process/task_queues:83:21)
[09:40:41] Error [CodeExpectedError]: Could not find pty on pty host
    at A.U (/home/toto/.vscode-server/bin/0ee08df0cf4527e40edc9aa28f4b5bd38bbff2b2/out/vs/platform/terminal/node/ptyHostMain.js:43:32377)
    at A.updateIcon (/home/toto/.vscode-server/bin/0ee08df0cf4527e40edc9aa28f4b5bd38bbff2b2/out/vs/platform/terminal/node/ptyHostMain.js:43:27562)
    at T.<computed> (/home/toto/.vscode-server/bin/0ee08df0cf4527e40edc9aa28f4b5bd38bbff2b2/out/vs/platform/terminal/node/ptyHostMain.js:43:22735)
    at Object.call (/home/toto/.vscode-server/bin/0ee08df0cf4527e40edc9aa28f4b5bd38bbff2b2/out/vs/platform/terminal/node/ptyHostMain.js:34:5041)
    at g.s (/home/toto/.vscode-server/bin/0ee08df0cf4527e40edc9aa28f4b5bd38bbff2b2/out/vs/platform/terminal/node/ptyHostMain.js:32:5153)
    at g.q (/home/toto/.vscode-server/bin/0ee08df0cf4527e40edc9aa28f4b5bd38bbff2b2/out/vs/platform/terminal/node/ptyHostMain.js:32:4662)
    at a.value (/home/toto/.vscode-server/bin/0ee08df0cf4527e40edc9aa28f4b5bd38bbff2b2/out/vs/platform/terminal/node/ptyHostMain.js:32:4064)
    at i.y (/home/toto/.vscode-server/bin/0ee08df0cf4527e40edc9aa28f4b5bd38bbff2b2/out/vs/platform/terminal/node/ptyHostMain.js:27:1906)
    at i.fire (/home/toto/.vscode-server/bin/0ee08df0cf4527e40edc9aa28f4b5bd38bbff2b2/out/vs/platform/terminal/node/ptyHostMain.js:27:2123)
    at process.ce (/home/toto/.vscode-server/bin/0ee08df0cf4527e40edc9aa28f4b5bd38bbff2b2/out/vs/platform/terminal/node/ptyHostMain.js:25:10117)
    at process.emit (node:events:513:28)
    at emit (node:internal/child_process:937:14)
    at process.processTicksAndRejections (node:internal/process/task_queues:83:21)
rejected promise not handled within 1 second: CodeExpectedError: Could not find pty on pty host
stack trace: CodeExpectedError: Could not find pty on pty host
    at A.U (/home/toto/.vscode-server/bin/0ee08df0cf4527e40edc9aa28f4b5bd38bbff2b2/out/vs/platform/terminal/node/ptyHostMain.js:43:32377)
    at A.updateTitle (/home/toto/.vscode-server/bin/0ee08df0cf4527e40edc9aa28f4b5bd38bbff2b2/out/vs/platform/terminal/node/ptyHostMain.js:43:27509)
    at T.<computed> (/home/toto/.vscode-server/bin/0ee08df0cf4527e40edc9aa28f4b5bd38bbff2b2/out/vs/platform/terminal/node/ptyHostMain.js:43:22735)
    at Object.call (/home/toto/.vscode-server/bin/0ee08df0cf4527e40edc9aa28f4b5bd38bbff2b2/out/vs/platform/terminal/node/ptyHostMain.js:34:5041)
    at g.s (/home/toto/.vscode-server/bin/0ee08df0cf4527e40edc9aa28f4b5bd38bbff2b2/out/vs/platform/terminal/node/ptyHostMain.js:32:5153)
    at g.q (/home/toto/.vscode-server/bin/0ee08df0cf4527e40edc9aa28f4b5bd38bbff2b2/out/vs/platform/terminal/node/ptyHostMain.js:32:4662)
    at a.value (/home/toto/.vscode-server/bin/0ee08df0cf4527e40edc9aa28f4b5bd38bbff2b2/out/vs/platform/terminal/node/ptyHostMain.js:32:4064)
    at i.y (/home/toto/.vscode-server/bin/0ee08df0cf4527e40edc9aa28f4b5bd38bbff2b2/out/vs/platform/terminal/node/ptyHostMain.js:27:1906)
    at i.fire (/home/toto/.vscode-server/bin/0ee08df0cf4527e40edc9aa28f4b5bd38bbff2b2/out/vs/platform/terminal/node/ptyHostMain.js:27:2123)
    at process.ce (/home/toto/.vscode-server/bin/0ee08df0cf4527e40edc9aa28f4b5bd38bbff2b2/out/vs/platform/terminal/node/ptyHostMain.js:25:10117)
    at process.emit (node:events:513:28)
    at emit (node:internal/child_process:937:14)
    at process.processTicksAndRejections (node:internal/process/task_queues:83:21)
[09:40:41] Error [CodeExpectedError]: Could not find pty on pty host
    at A.U (/home/toto/.vscode-server/bin/0ee08df0cf4527e40edc9aa28f4b5bd38bbff2b2/out/vs/platform/terminal/node/ptyHostMain.js:43:32377)
    at A.updateTitle (/home/toto/.vscode-server/bin/0ee08df0cf4527e40edc9aa28f4b5bd38bbff2b2/out/vs/platform/terminal/node/ptyHostMain.js:43:27509)
    at T.<computed> (/home/toto/.vscode-server/bin/0ee08df0cf4527e40edc9aa28f4b5bd38bbff2b2/out/vs/platform/terminal/node/ptyHostMain.js:43:22735)
    at Object.call (/home/toto/.vscode-server/bin/0ee08df0cf4527e40edc9aa28f4b5bd38bbff2b2/out/vs/platform/terminal/node/ptyHostMain.js:34:5041)
    at g.s (/home/toto/.vscode-server/bin/0ee08df0cf4527e40edc9aa28f4b5bd38bbff2b2/out/vs/platform/terminal/node/ptyHostMain.js:32:5153)
    at g.q (/home/toto/.vscode-server/bin/0ee08df0cf4527e40edc9aa28f4b5bd38bbff2b2/out/vs/platform/terminal/node/ptyHostMain.js:32:4662)
    at a.value (/home/toto/.vscode-server/bin/0ee08df0cf4527e40edc9aa28f4b5bd38bbff2b2/out/vs/platform/terminal/node/ptyHostMain.js:32:4064)
    at i.y (/home/toto/.vscode-server/bin/0ee08df0cf4527e40edc9aa28f4b5bd38bbff2b2/out/vs/platform/terminal/node/ptyHostMain.js:27:1906)
    at i.fire (/home/toto/.vscode-server/bin/0ee08df0cf4527e40edc9aa28f4b5bd38bbff2b2/out/vs/platform/terminal/node/ptyHostMain.js:27:2123)
    at process.ce (/home/toto/.vscode-server/bin/0ee08df0cf4527e40edc9aa28f4b5bd38bbff2b2/out/vs/platform/terminal/node/ptyHostMain.js:25:10117)
    at process.emit (node:events:513:28)
    at emit (node:internal/child_process:937:14)
    at process.processTicksAndRejections (node:internal/process/task_queues:83:21)
rejected promise not handled within 1 second: CodeExpectedError: Could not find pty on pty host
stack trace: CodeExpectedError: Could not find pty on pty host
    at A.U (/home/toto/.vscode-server/bin/0ee08df0cf4527e40edc9aa28f4b5bd38bbff2b2/out/vs/platform/terminal/node/ptyHostMain.js:43:32377)
    at A.updateTitle (/home/toto/.vscode-server/bin/0ee08df0cf4527e40edc9aa28f4b5bd38bbff2b2/out/vs/platform/terminal/node/ptyHostMain.js:43:27509)
    at T.<computed> (/home/toto/.vscode-server/bin/0ee08df0cf4527e40edc9aa28f4b5bd38bbff2b2/out/vs/platform/terminal/node/ptyHostMain.js:43:22735)
    at Object.call (/home/toto/.vscode-server/bin/0ee08df0cf4527e40edc9aa28f4b5bd38bbff2b2/out/vs/platform/terminal/node/ptyHostMain.js:34:5041)
    at g.s (/home/toto/.vscode-server/bin/0ee08df0cf4527e40edc9aa28f4b5bd38bbff2b2/out/vs/platform/terminal/node/ptyHostMain.js:32:5153)
    at g.q (/home/toto/.vscode-server/bin/0ee08df0cf4527e40edc9aa28f4b5bd38bbff2b2/out/vs/platform/terminal/node/ptyHostMain.js:32:4662)
    at a.value (/home/toto/.vscode-server/bin/0ee08df0cf4527e40edc9aa28f4b5bd38bbff2b2/out/vs/platform/terminal/node/ptyHostMain.js:32:4064)
    at i.y (/home/toto/.vscode-server/bin/0ee08df0cf4527e40edc9aa28f4b5bd38bbff2b2/out/vs/platform/terminal/node/ptyHostMain.js:27:1906)
    at i.fire (/home/toto/.vscode-server/bin/0ee08df0cf4527e40edc9aa28f4b5bd38bbff2b2/out/vs/platform/terminal/node/ptyHostMain.js:27:2123)
    at process.ce (/home/toto/.vscode-server/bin/0ee08df0cf4527e40edc9aa28f4b5bd38bbff2b2/out/vs/platform/terminal/node/ptyHostMain.js:25:10117)
    at process.emit (node:events:513:28)
    at emit (node:internal/child_process:937:14)
    at process.processTicksAndRejections (node:internal/process/task_queues:83:21)
[09:40:42] Error [CodeExpectedError]: Could not find pty on pty host
    at A.U (/home/toto/.vscode-server/bin/0ee08df0cf4527e40edc9aa28f4b5bd38bbff2b2/out/vs/platform/terminal/node/ptyHostMain.js:43:32377)
    at A.updateTitle (/home/toto/.vscode-server/bin/0ee08df0cf4527e40edc9aa28f4b5bd38bbff2b2/out/vs/platform/terminal/node/ptyHostMain.js:43:27509)
    at T.<computed> (/home/toto/.vscode-server/bin/0ee08df0cf4527e40edc9aa28f4b5bd38bbff2b2/out/vs/platform/terminal/node/ptyHostMain.js:43:22735)
    at Object.call (/home/toto/.vscode-server/bin/0ee08df0cf4527e40edc9aa28f4b5bd38bbff2b2/out/vs/platform/terminal/node/ptyHostMain.js:34:5041)
    at g.s (/home/toto/.vscode-server/bin/0ee08df0cf4527e40edc9aa28f4b5bd38bbff2b2/out/vs/platform/terminal/node/ptyHostMain.js:32:5153)
    at g.q (/home/toto/.vscode-server/bin/0ee08df0cf4527e40edc9aa28f4b5bd38bbff2b2/out/vs/platform/terminal/node/ptyHostMain.js:32:4662)
    at a.value (/home/toto/.vscode-server/bin/0ee08df0cf4527e40edc9aa28f4b5bd38bbff2b2/out/vs/platform/terminal/node/ptyHostMain.js:32:4064)
    at i.y (/home/toto/.vscode-server/bin/0ee08df0cf4527e40edc9aa28f4b5bd38bbff2b2/out/vs/platform/terminal/node/ptyHostMain.js:27:1906)
    at i.fire (/home/toto/.vscode-server/bin/0ee08df0cf4527e40edc9aa28f4b5bd38bbff2b2/out/vs/platform/terminal/node/ptyHostMain.js:27:2123)
    at process.ce (/home/toto/.vscode-server/bin/0ee08df0cf4527e40edc9aa28f4b5bd38bbff2b2/out/vs/platform/terminal/node/ptyHostMain.js:25:10117)
    at process.emit (node:events:513:28)
    at emit (node:internal/child_process:937:14)
    at process.processTicksAndRejections (node:internal/process/task_queues:83:21)
rejected promise not handled within 1 second: CodeExpectedError: Could not find pty on pty host
stack trace: CodeExpectedError: Could not find pty on pty host
    at A.U (/home/toto/.vscode-server/bin/0ee08df0cf4527e40edc9aa28f4b5bd38bbff2b2/out/vs/platform/terminal/node/ptyHostMain.js:43:32377)
    at A.updateTitle (/home/toto/.vscode-server/bin/0ee08df0cf4527e40edc9aa28f4b5bd38bbff2b2/out/vs/platform/terminal/node/ptyHostMain.js:43:27509)
    at T.<computed> (/home/toto/.vscode-server/bin/0ee08df0cf4527e40edc9aa28f4b5bd38bbff2b2/out/vs/platform/terminal/node/ptyHostMain.js:43:22735)
    at Object.call (/home/toto/.vscode-server/bin/0ee08df0cf4527e40edc9aa28f4b5bd38bbff2b2/out/vs/platform/terminal/node/ptyHostMain.js:34:5041)
    at g.s (/home/toto/.vscode-server/bin/0ee08df0cf4527e40edc9aa28f4b5bd38bbff2b2/out/vs/platform/terminal/node/ptyHostMain.js:32:5153)
    at g.q (/home/toto/.vscode-server/bin/0ee08df0cf4527e40edc9aa28f4b5bd38bbff2b2/out/vs/platform/terminal/node/ptyHostMain.js:32:4662)
    at a.value (/home/toto/.vscode-server/bin/0ee08df0cf4527e40edc9aa28f4b5bd38bbff2b2/out/vs/platform/terminal/node/ptyHostMain.js:32:4064)
    at i.y (/home/toto/.vscode-server/bin/0ee08df0cf4527e40edc9aa28f4b5bd38bbff2b2/out/vs/platform/terminal/node/ptyHostMain.js:27:1906)
    at i.fire (/home/toto/.vscode-server/bin/0ee08df0cf4527e40edc9aa28f4b5bd38bbff2b2/out/vs/platform/terminal/node/ptyHostMain.js:27:2123)
    at process.ce (/home/toto/.vscode-server/bin/0ee08df0cf4527e40edc9aa28f4b5bd38bbff2b2/out/vs/platform/terminal/node/ptyHostMain.js:25:10117)
    at process.emit (node:events:513:28)
    at emit (node:internal/child_process:937:14)
    at process.processTicksAndRejections (node:internal/process/task_queues:83:21)
[09:41:01] Error [CodeExpectedError]: Could not find pty on pty host
    at A.U (/home/toto/.vscode-server/bin/0ee08df0cf4527e40edc9aa28f4b5bd38bbff2b2/out/vs/platform/terminal/node/ptyHostMain.js:43:32377)
    at A.updateTitle (/home/toto/.vscode-server/bin/0ee08df0cf4527e40edc9aa28f4b5bd38bbff2b2/out/vs/platform/terminal/node/ptyHostMain.js:43:27509)
    at T.<computed> (/home/toto/.vscode-server/bin/0ee08df0cf4527e40edc9aa28f4b5bd38bbff2b2/out/vs/platform/terminal/node/ptyHostMain.js:43:22735)
    at Object.call (/home/toto/.vscode-server/bin/0ee08df0cf4527e40edc9aa28f4b5bd38bbff2b2/out/vs/platform/terminal/node/ptyHostMain.js:34:5041)
    at g.s (/home/toto/.vscode-server/bin/0ee08df0cf4527e40edc9aa28f4b5bd38bbff2b2/out/vs/platform/terminal/node/ptyHostMain.js:32:5153)
    at g.q (/home/toto/.vscode-server/bin/0ee08df0cf4527e40edc9aa28f4b5bd38bbff2b2/out/vs/platform/terminal/node/ptyHostMain.js:32:4662)
    at a.value (/home/toto/.vscode-server/bin/0ee08df0cf4527e40edc9aa28f4b5bd38bbff2b2/out/vs/platform/terminal/node/ptyHostMain.js:32:4064)
    at i.y (/home/toto/.vscode-server/bin/0ee08df0cf4527e40edc9aa28f4b5bd38bbff2b2/out/vs/platform/terminal/node/ptyHostMain.js:27:1906)
    at i.fire (/home/toto/.vscode-server/bin/0ee08df0cf4527e40edc9aa28f4b5bd38bbff2b2/out/vs/platform/terminal/node/ptyHostMain.js:27:2123)
    at process.ce (/home/toto/.vscode-server/bin/0ee08df0cf4527e40edc9aa28f4b5bd38bbff2b2/out/vs/platform/terminal/node/ptyHostMain.js:25:10117)
    at process.emit (node:events:513:28)
    at emit (node:internal/child_process:937:14)
    at process.processTicksAndRejections (node:internal/process/task_queues:83:21)
New EH opened, aborting shutdown
[09:45:35] New EH opened, aborting shutdown
